cmake-filesystem-3.18.2-11.el8_4.x86_64 1624988370 0 c62917f0652d49a1169aee81c8a655b3 installed
libgcc-8.4.1-1.el8.x86_64 1621366032 190208 50c372c57f45d79ac06a99c79ee89346 installed
python3-six-1.11.0-8.el8.noarch 1618212235 98296 21b6f034d7eb9cf7bc69c14d172fd6c2 installed
python3-setuptools-wheel-39.2.0-6.el8.noarch 1618212295 345256 b740144d0f04426507925fec551c4aba installed
python3-pip-9.0.3-19.el8.rocky.noarch 1622882622 2870 50b62e5460801e84b459198ba87a1256 installed
python-rpm-macros-3-41.el8.noarch 1621392758 4325 e4d2f4670326a25234d5a3192a5bec3d installed
python3-pyparsing-2.1.10-7.el8.noarch 1618210749 531467 d70775cdf7eebf89fb08bc2c14678b92 installed
xkeyboard-config-2.28-1.el8.noarch 1618217994 5683972 6f9c2b911fae0507e5f7a235643288cf installed
python3-audit-3.0-0.17.20191104git1c2f876.el8.1.x86_64 1623680860 333734 62997371b3969ba99749c5b05c12d4fa installed
qt5-srpm-macros-5.12.5-3.el8.noarch 1618212453 0 e5cf55971a022e94eec6726c0b12d993 installed
rpm-devel-4.14.3-14.el8_4.x86_64 1624988013 286468 75607814a7a8ad3301f7c6b752813666 installed
openblas-srpm-macros-2-2.el8.noarch 1618205171 104 af2f9a05a14cb38d70b42ba07325d3aa installed
pcre2-utf16-10.32-2.el8.x86_64 1618206256 599702 ae915d1f452dc72bb14230d43f16e433 installed
go-srpm-macros-2-17.el8.noarch 1621391755 7342 26c4633e0aa91ea92831902ff770c6e4 installed
pcre-utf32-8.42-4.el8.x86_64 1618206397 436459 5d90a3be624dfaae23886380f97f4cc1 installed
tzdata-2021a-1.el8.noarch 1618216761 1911281 97340ad7c7d5501ef09a2523bc76ba1d installed
pcre-cpp-8.42-4.el8.x86_64 1618206397 45760 8614136773130404662b3b0137d42f2a installed
rocky-release-8.4-32.el8.noarch 1625954717 17058 9068d97f7ff0b52ddb86677cbf6ed679 installed
libverto-devel-0.3.0-5.el8.x86_64 1618201335 26296 61b0d39f1a3d60994e2099ad0ab64719 installed
setup-2.12.2-6.el8.noarch 1615762300 724837 d1f068429f9d2ac091c4586f2e8b2a30 installed
libselinux-devel-2.9-5.el8.x86_64 1621392353 192379 299a69622077a8df29cdbe959ef3f12f installed
basesystem-11-5.el8.noarch 1615749940 0 35e3e1ffde688fbb9c7c595333a3abea installed
policycoreutils-2.9-14.el8.x86_64 1621392701 665058 9d0c5e78f387042e07bf551b9a26efcb installed
pkgconf-m4-1.4.2-1.el8.noarch 1618788815 14187 6139b363940666ca319f4ded92c7ed83 installed
libevent-2.1.8-5.el8.x86_64 1618198401 903094 69bca6ee3e30fdea9234b7ec4122527b installed
pcre2-10.32-2.el8.x86_64 1618206256 656478 460b747f570ab95c5b0fdc448f8acb8b installed
keyutils-libs-devel-1.5.10-6.el8.x86_64 1618196432 33454 e9a1728096ea66040647198c0adb0e9a installed
ncurses-libs-6.1-7.20180224.el8.1.x86_64 1623680980 950976 4efbefe5defa3434dca2f714a9448bb1 installed
openssl-devel-1:1.1.1g-15.el8_3.x86_64 1621221109 3538081 ca7e47f5b9be8d8e5c8152b5818a5292 installed
glibc-common-2.28-151.el8.x86_64 1621371837 9250556 40873615d17e7e4f1af1fb4893658219 installed
perl-Digest-1.17-395.el8.noarch 1618206979 26684 e7ad379a32601971ef3219da167bb1f6 installed
bash-4.4.20-1.el8_4.x86_64 1623887224 6861556 64b98cb11b52f54df5bd4bd58a1c363b installed
perl-Data-Dumper-2.167-399.el8.x86_64 1618206701 106322 4803db887d928297ac311729a473a624 installed
zlib-1.2.11-17.el8.x86_64 1621393338 195775 69929ce6bef088063e1d21913359ef14 installed
perl-Net-SSLeay-1.88-1.module+el8.4.0+512+d4f0fc54.x86_64 1622722775 1329423 e5e18edd20dadbe2cbae93545ce18739 installed
xz-libs-5.2.4-3.el8.1.x86_64 1623682221 164999 fc21a2819f676d6f9ceb2d9c2b976c9a installed
perl-Pod-Escapes-1:1.07-395.el8.noarch 1618208828 25763 4bb599c842af10daf683ffd89c2c14df installed
gmp-1:6.1.2-10.el8.x86_64 1618192156 766452 49dda6bd97c2c4d91fd1b67bf4d3ecfc installed
perl-IO-Socket-IP-0.39-5.el8.noarch 1618208071 99525 018a8af7205df2bb15b3a838386994ad installed
libstdc++-8.4.1-1.el8.x86_64 1621366032 1855687 953dd62a4febf9dfddbc6876f454196f installed
perl-IO-Socket-SSL-2.066-4.module+el8.4.0+512+d4f0fc54.noarch 1622723797 618704 c6c802684953b60093e0bf647e70fd18 installed
libgpg-error-1.31-1.el8.x86_64 1618198855 894186 23c178c287840acf1c0d1d0dc64dbb0d installed
perl-Term-Cap-1.17-395.el8.noarch 1618209269 29850 ab29575001ba0a8935ae988deb055c40 installed
readline-7.0-10.el8.x86_64 1618213293 449929 c56a997ed469ee5cb4958043bcc90bea installed
perl-HTTP-Tiny-0.074-1.el8.noarch 1618208067 149160 b7ea410e90664c7b2f4861fbabf4fe9c installed
libunistring-0.9.9-3.el8.x86_64 1618201222 1631052 f13ee693d00b04361e2f7e53fec7e521 installed
perl-podlators-4.11-1.el8.noarch 1618210221 287639 ab233ec46f4b2d01e403bd2786b88a38 installed
libzstd-1.4.4-1.el8.x86_64 1618218751 698085 195f2147eba07752b7379cda0b5b10ee installed
perl-Text-ParseWords-3.30-395.el8.noarch 1618209686 13101 79c0ec5d99428703888bc65e34c2b13d installed
chkconfig-1.13-2.el8.x86_64 1618971351 811110 fd7351fd7d5841ee70027c12a1b43913 installed
perl-MIME-Base64-3.15-396.el8.x86_64 1618208166 41211 804a5a8ee6f2a051e7caa689f9acdde8 installed
libxml2-2.9.7-9.el8_4.2.x86_64 1624988044 1753186 965c68d1cc9b7462631a6e860ab6146b installed
perl-Getopt-Long-1:2.50-4.el8.noarch 1618207728 139724 2498380d947a04ba1251a4f975bcf767 installed
libacl-2.2.53-1.el8.1.x86_64 1623680853 37784 807be6a265fbc007fde148d692d07228 installed
perl-Socket-4:2.027-3.el8.x86_64 1618208941 123782 46a01234052c233c6ee13c43cadda917 installed
libcom_err-1.45.6-1.el8.1.x86_64 1623682448 61433 1ffceb550cddb759fb4126dc77cc0988 installed
perl-Carp-1.42-396.el8.noarch 1618206491 41850 6bc056a9c285aafc427ce4392ef1c704 installed
findutils-1:4.6.0-20.el8.x86_64 1618190570 1769257 151bc7bbc9a1c58e61da528dfe6ce92f installed
perl-libs-4:5.26.3-419.el8_4.1.x86_64 1628615764 6105204 6f5ce73f63df339158178e095b60cf52 installed
libffi-3.1-22.el8.x86_64 1618198555 53748 d4f3acaac3444bee72e42aef9e7b3a21 installed
perl-parent-1:0.237-1.el8.noarch 1618210234 9187 df2456aa83aeabce671b37c1b19f2f12 installed
p11-kit-0.23.22-1.el8.x86_64 1622589770 1637498 16e226e9456a2cc578d292dc3a569df0 installed
perl-Text-Tabs+Wrap-2013.0523-395.el8.noarch 1618209572 24825 2b4f13291f5d109d0a809e670dcd709d installed
libassuan-2.5.1-3.el8.x86_64 1618197638 193715 950cb6323f21d4aca43acc44507db461 installed
perl-File-Path-2.15-2.el8.noarch 1618207332 64920 4102111fabc4afc7056f296956e2a39b installed
file-libs-5.33-16.el8_3.1.x86_64 1621220757 6386381 651799331ce84d94d0cc78ef060e6479 installed
perl-PathTools-3.74-1.el8.x86_64 1618208850 182589 538334a0445a570a6c6aeefbdca872aa installed
libcap-ng-0.7.9-5.el8.x86_64 1618197804 51654 0e38cf10380a26036b7265944ebaec9e installed
perl-threads-1:2.21-2.el8.x86_64 1618210261 108923 acdb07724316041b74a4b9dcade44c34 installed
lz4-libs-1.8.3-3.el8_4.x86_64 1624988022 121071 78abf340051675c911361844c0fa7ab7 installed
perl-interpreter-4:5.26.3-419.el8_4.1.x86_64 1628615764 14390123 7fefd0ec546e2aea56736ce9a3ca3179 installed
unzip-6.0-45.el8_4.x86_64 1624987851 424205 ab5f0d2a68898559c5bd447647206bef installed
perl-CPAN-Meta-Requirements-2.140-396.el8.noarch 1618206446 70659 d4ba796583af8d4bf9a932989e0d2871 installed
sqlite-libs-3.26.0-13.el8.x86_64 1621393726 1166593 50d212305c24c6814eda3d9dff14a68f installed
perl-Time-HiRes-4:1.9758-2.el8.x86_64 1621392726 116456 089e94f2aec36aaf4c7ede817ab5c2c8 installed
cpio-2.12-10.el8.x86_64 1621391379 967791 fabeb5546e120c01fadd92097f998575 installed
perl-Math-Complex-0:1.59-419.el8_4.1.noarch 1628615806 88208 78e5ba825086d49a5b2844724d41e34a installed
keyutils-libs-1.5.10-6.el8.x86_64 1618196432 43694 11f6565ba376d92ae780f0e04b1b5065 installed
perl-JSON-PP-1:2.97.001-3.el8.noarch 1618207773 129656 6843d634857b5756ba8ba581c2facc35 installed
libtasn1-4.13-3.el8.x86_64 1618201045 165133 752a45e7e139624cf7ae04304e9b1fd1 installed
perl-CPAN-Meta-2.150010-396.el8.noarch 1618206451 610138 39e96733d9560cf5ec6b9cb72b398b0f installed
pcre-8.42-4.el8.x86_64 1618206397 509587 d64098617d45124bf686b3db23dba2a0 installed
perl-ExtUtils-Command-1:7.34-1.el8.noarch 1618207300 10101 de143c6bd7bd525dfcd30bd7a091a99e installed
xz-5.2.4-3.el8.1.x86_64 1623682221 424016 24a9d920b69a0ae0036984805e8881d4 installed
perl-devel-4:5.26.3-419.el8_4.1.x86_64 1628615764 3535196 6a2c0e8ea7e8922fcba91cabf5270f90 installed
zip-3.0-23.el8.x86_64 1618218588 827301 69fba1898177ebe74ea598c8e297ab57 installed
perl-ExtUtils-MakeMaker-1:7.34-1.el8.noarch 1618207300 734677 79e018078536c8b6822b6a9570a23ac5 installed
cpp-8.4.1-1.el8.x86_64 1621366032 29656437 d21f6314fe4181a3b6b5cb528ef89a90 installed
net-snmp-agent-libs-1:5.8-20.el8.x86_64 1622589902 2282880 1156154cc158fefeddbe3b3c622f3c09 installed
libpsl-0.20.2-6.el8.x86_64 1618200265 70732 1740004fa287414b614a399286bad940 installed
emacs-filesystem-1:26.1-5.el8.noarch 1618978972 0 54d298088087a0e2db5f02d313f30ac1 installed
tar-2:1.30-5.el8.x86_64 1617760212 2876698 076762155909bd7e7ab0a449c918ca53 installed
automake-1.16.1-7.el8.noarch 1621391413 1806107 147b95d639f0dcc9916fc8dcf3c14b7a installed
libstdc++-devel-8.4.1-1.el8.x86_64 1621366032 11810532 d8cf37c88535faae981cd4247fb4b787 installed
elfutils-devel-0.182-3.el8_4.x86_64 1628615829 175378 3f7c2a9e854faccafa5fbb182a13eb15 installed
dwz-0.12-9.el8.x86_64 1618189673 230367 4d745db552aeaa0b363244039054e140 installed
cyrus-sasl-devel-2.1.27-5.el8.x86_64 1618189067 206547 14a8559b60763c3891ec0e92096820ad installed
isl-0.16.1-6.el8.x86_64 1618196145 3207961 438c75e06ae42b9b9764db941eb04654 installed
python3-policycoreutils-2.9-14.el8.noarch 1621392707 5659880 1549a1f8a345b240028e03750a639dee installed
coreutils-common-8.30-8.el8.x86_64 1615751082 9895983 e1f09df545cd91b4bf05615135fbddbd installed
net-snmp-devel-1:5.8-20.el8.x86_64 1622589902 812049 d6cb179de6767c73c36608e7be13eeae installed
brotli-1.0.6-3.el8.x86_64 1621391375 1521924 f54eec3ec7418b20230ba9755eaecadf installed
perl-generators-1.10-9.el8.noarch 1618210147 21852 90d81fdfca5704faf6e5210008bba0a2 installed
json-c-0.13.1-0.4.el8.x86_64 1621392013 69114 aeba0d97ff31e86c30a7ae9dbd0623e8 installed
libevent-devel-2.1.8-5.el8.x86_64 1618198401 428224 c7eede1e901477bbe44cccf35f64f1c8 installed
libpkgconf-1.4.2-1.el8.x86_64 1618788815 67757 908084c8a253cb7ef5b3a694dee67744 installed
python36-devel-3.6.8-2.module+el8.4.0+597+ddf0ddea.x86_64 1625241681 13131 07f44b79c27d54c5844660c926fcd40a installed
pkgconf-pkg-config-1.4.2-1.el8.x86_64 1618788815 3094 a3a5072910bf73bda9b6eb38088b48ef installed
libcmocka-devel-1.1.5-1.el8.x86_64 1618188441 1178712 320fc416157ac3a6c630cd15fec22bc7 installed
libsigsegv-2.11-5.el8.x86_64 1618200740 45586 20d0e7481cc700ef71f53bf7decfe81b installed
python3-ldap-3.3.1-1.el8.x86_64 1621392876 839444 3c92e7d6e9926971dd2491e09a942f2a installed
libsmartcols-2.32.1-27.el8.x86_64 1621393265 244402 e8a407133498460e2ef9c7af77f7b79c installed
icu-60.3-2.el8_1.x86_64 1620021879 605522 bff8825e2ef9dea39b4395f69f5671ec installed
libverto-0.3.0-5.el8.x86_64 1618201335 28012 60452cb9b71920023a8e6151afaf1af6 installed
python3-argparse-manpage-1.1-2.el8.noarch 1618785238 51704 0b71818cf5ac719f044620739695eb6e installed
ncurses-6.1-7.20180224.el8.1.x86_64 1623680980 589332 fdafeffa4f6c58a7299070ed2fac4790 installed
python3-argcomplete-1.9.3-6.el8.noarch 1618210870 198640 d5277a21850d8c6840289bd7e3a79335 installed
pciutils-libs-3.7.0-1.el8.x86_64 1621392657 77339 bb2c0a68a848e03b3e875ad80b22cbba installed
systemd-devel-239-45.el8_4.3.x86_64 1628615762 303589 a1df3354794c8300b9e7ef52dc602721 installed
libatomic_ops-7.6.2-3.el8.x86_64 1618197657 76398 8d506c4df8cb2552f4432741eaa3e986 installed
pam-devel-1.3.1-14.el8.x86_64 1622589890 607569 f121b296bbe3cbec5b91aa1b2fed180c installed
libipt-1.6.1-8.el8.x86_64 1617764070 98343 d3f49ae50ab1939f9586c0ba1831736a installed
libssh-config-0.9.4-2.el8.noarch 1618200813 277 976028e54bfd7776d5aef2492bb122e5 installed
glibc-headers-2.28-151.el8.x86_64 1621371837 2030257 665b3de4e522b8bd665b1bb68e18b648 installed
glibc-devel-2.28-151.el8.x86_64 1621371837 1281185 ef4eb46bd253ac2b017d4b2e56b0fe70 installed
kbd-legacy-2.0.4-10.el8.noarch 1615762440 511139 5d007d0a9b1a7efbda4ebca7380ff68e installed
dbus-common-1:1.12.8-12.el8_4.2.noarch 1623370469 11131 c0e59b0534c89f4ac71e025f56c9b001 installed
cyrus-sasl-lib-2.1.27-5.el8.x86_64 1618189067 726050 ffa10d72ef56f908c5351b6b052221c4 installed
platform-python-setuptools-39.2.0-6.el8.noarch 1618212295 2923789 ab2561475d29c05d5263dd14bf65a041 installed
grub2-tools-minimal-1:2.02-99.el8.x86_64 1626607789 772662 8aad7ef24594f0429ae4db2d7915ad2e installed
libibverbs-32.0-4.el8.x86_64 1621392849 839171 91861db52eb37bb940c0183284f1f0a9 installed
iptables-libs-1.8.4-17.el8.x86_64 1621392012 202272 5d748269a63c824fc207f77b127fbb4c installed
openldap-2.4.46-17.el8_4.x86_64 1624988050 997996 538b9eef22c19cdcb4c4dc93ed0eef13 installed
grubby-8.40-41.el8.x86_64 1615750215 63031 b925886aa1d89857759432bf430e1e24 installed
libkcapi-hmaccalc-1.2.0-2.el8.x86_64 1618788613 38317 fe606481c62e80f229b60c00d3e77532 installed
libdb-utils-5.3.28-40.el8.x86_64 1621392636 371015 3d9ecc6ed12bf03b62755d6214af347d installed
libcurl-7.61.1-18.el8.x86_64 1621392747 593320 038b97285b18dfac47200f6f277075d8 installed
crypto-policies-scripts-20210209-1.gitbfb6bed.el8_3.noarch 1621220613 128712 3f962f6fa7126b5e9a27cb4457f55017 installed
elfutils-default-yama-scope-0.182-3.el8_4.noarch 1628615841 1810 f1197a938ff10966a82ac68186c96de7 installed
cracklib-2.9.6-15.el8.x86_64 1618188826 234871 b721beba934a129b9104defd717f0177 installed
procps-ng-3.3.15-6.el8.x86_64 1621392725 905390 6fd753851bf4b735b047d566725c9874 installed
libtirpc-1.1.4-4.el8.x86_64 1618201137 224324 1aa155c4b33ae6d30e2d8dd0c1c96e98 installed
kpartx-0.8.4-10.el8.x86_64 1621391400 77563 ca149b20fe346211ae0a95a402124d29 installed
elfutils-debuginfod-client-0.182-3.el8_4.x86_64 1628615829 43573 40f31f647475a1d719258726cfe0f572 installed
openssl-pkcs11-0.4.10-2.el8.x86_64 1618788673 208434 aedc854c760e67bc2a1b751e82c0a65c installed
gettext-libs-0.19.8.1-17.el8.x86_64 1618192153 981928 9e5f4a146fe1694299e2806291df77bd installed
libfdisk-2.32.1-27.el8.x86_64 1621393265 439010 07401dd345efcff45e33984ae5d549cf installed
dbus-libs-1:1.12.8-12.el8_4.2.x86_64 1623370462 380736 83a3b6229d244f53e7102c3e70d4c2d4 installed
coreutils-8.30-8.el8.x86_64 1615751082 6128952 dc71daf1a3f40c0880637ff03b9e8d57 installed
libblkid-2.32.1-27.el8.x86_64 1621393265 343960 8411a4d717740899b7961d3e925ea759 installed
shadow-utils-2:4.6-12.el8.x86_64 1621393373 4018082 c41ddba41afecf4818c9e079b530a8f9 installed
openssl-libs-1:1.1.1g-15.el8_3.x86_64 1621221109 3757184 56491f7a3a4fad1ecbb0bd80c16fa3a1 installed
rpm-libs-4.14.3-14.el8_4.x86_64 1624988013 727080 3485196a447a6eb648afedf7b18acd5a installed
kmod-25-17.el8.x86_64 1621392051 244116 35dd743bee98811fbf9b4b42696e9c1b installed
trousers-lib-0.3.15-1.el8.x86_64 1621393255 486533 d57c098eb74647ef209c9ee23b8fd35d installed
libutempter-1.1.6-14.el8.x86_64 1618201123 51373 52126898db720c8a365e17781f43738e installed
libpwquality-1.4.4-3.el8.x86_64 1621392295 396464 52dbfb90d4c93c35f31e5a2dddec8d67 installed
util-linux-2.32.1-27.el8.x86_64 1621393265 11574814 e58c3032a73b7d480ca4ab95c989a16f installed
dracut-049-135.git20210121.el8.x86_64 1621391458 1054035 9aefd4a38e5a0f89df2a6dec90cffd52 installed
gettext-0.19.8.1-17.el8.x86_64 1618192153 5128710 053e9593cea900f69526ae2d6975146c installed
glib2-2.56.4-10.el8_4.1.x86_64 1628615857 12275368 4c8861801f56f23ccf04bb9bfc9755d3 installed
gnutls-3.6.14-8.el8_3.x86_64 1621221010 2990455 963fd0f79234e849610d6f5d3d4f78c7 installed
systemd-239-45.el8_4.3.x86_64 1628615762 11200124 510f001c12556e3a0a9a68b34f82071f installed
trousers-0.3.15-1.el8.x86_64 1621393255 379870 7c013fdd58dfd87e52c8d34d1bc457a6 installed
gcc-8.4.1-1.el8.x86_64 1621366032 61733794 ab15a59c6cd90bef81dc2fab0229d21d installed
libbabeltrace-1.5.4-3.el8.x86_64 1618187726 548211 1ddcf7e60f9638407b1a3abe557760a1 installed
pinentry-1.1.0-2.el8.x86_64 1618210473 196146 8c212522f2923a93cce5d779971c6bb1 installed
ima-evm-utils-1.3.2-12.el8.x86_64 1621391956 137659 05f62f815554a6100451581e2c099037 installed
gnupg2-smime-2.2.20-2.el8.x86_64 1618786781 720674 bd5189fe91b2019d9c03a91525928c66 installed
rpm-build-libs-4.14.3-14.el8_4.x86_64 1624988013 216176 bc9384cee033d0fab2d74eacde10dcd2 installed
gdb-headless-8.2-15.el8.x86_64 1621391910 11906565 6407e88125cae505a29dd5f4037f324c installed
redhat-rpm-config-125-1.el8.noarch 1621392845 147734 c285e6d4d78a1411130b12ba485504e9 installed
rpm-build-4.14.3-14.el8_4.x86_64 1624988013 298958 264139ea64995ae3acc383b2cda0298f installed
make-1:4.2.1-10.el8.x86_64 1618202382 1436264 6bc97e8eed3ce22c9a4576838707176b installed
nss-util-3.53.1-17.el8_3.x86_64 1621239263 224844 01399ac689d97cf703004a80a6533200 installed
zlib-devel-1.2.11-17.el8.x86_64 1621393338 141078 0a3a19b452f7935e6065902d6ac9c124 installed
elfutils-libelf-devel-0.182-3.el8_4.x86_64 1628615829 34378 07a85789f3afb02d461e71f379d083af installed
nss-softokn-freebl-3.53.1-17.el8_3.x86_64 1621239263 770166 cd1bbdb6460482c4a60855e74eba9c52 installed
nss-3.53.1-17.el8_3.x86_64 1621239263 1996254 a005fdd74b0220f1401011df29aa33f4 installed
python3-pyasn1-0.3.7-6.el8.noarch 1618212065 534207 991d93b8389dd774c1cf2e24671ccf15 installed
lm_sensors-libs-3.4.0-22.20180522git70f7e08.el8.x86_64 1621392500 88866 f799fa09d8abee0e0b28d652ee958dad installed
libtalloc-2.3.1-2.el8.x86_64 1615764450 87640 8538b958614c121d4b849743c1ab18ba installed
libtalloc-devel-2.3.1-2.el8.x86_64 1615764450 94786 7e8b9e2de6f54d982f8cdb12114f0125 installed
lm_sensors-devel-3.4.0-22.20180522git70f7e08.el8.x86_64 1621392500 18607 0f5ed830e96b23ac7148562918f59f46 installed
nss-softokn-freebl-devel-3.53.1-17.el8_3.x86_64 1621239263 659880 38a9ce5fe18b43466bc0741c770a5f63 installed
python3-libsemanage-2.9-6.el8.x86_64 1621392353 448733 8bbc8a9046dd8a1ed618cf8d88fe6129 installed
libcmocka-1.1.5-1.el8.x86_64 1618188441 62035 7d6dd45cf6c16fcf0dd40a127f769d9d installed
platform-python-devel-3.6.8-37.el8.rocky.x86_64 1621395573 715455 447aaf2f8901f26de67a85da6eaee721 installed
mariadb-connector-c-3.1.11-2.el8_3.x86_64 1621220827 521076 4f94c57589eb13b8f15c5d0e578047f8 installed
gpg-pubkey-6d745a60-60287f36 1613266742 0 (none) installed
xz-devel-5.2.4-3.el8.1.x86_64 1623682221 206470 a5318e1a7061325e7af3939444658156 installed
python-srpm-macros-3-41.el8.noarch 1621392758 4318 daeb57d7b5c3e725fd77a9635b530882 installed
python3-setuptools-39.2.0-6.el8.noarch 1618212295 460967 628c64a32a8a4fd78ad63a46bf684755 installed
python3-pip-wheel-9.0.3-19.el8.rocky.noarch 1622882622 1108224 f365cb2197c1084bfc6ab8e355ff2267 installed
python36-3.6.8-2.module+el8.4.0+597+ddf0ddea.x86_64 1625241681 13131 f8038aca1ab15220e46f8a8f5b83b8f8 installed
python3-rpm-macros-3-41.el8.noarch 1621392758 3622 9aca6f983a4a0f298b2789351268c91c installed
systemtap-sdt-devel-4.4-11.el8_4.x86_64 1628615921 194188 83fcb9b82e7906f21a46a4b7d7824bfa installed
rust-srpm-macros-5-2.el8.noarch 1618214148 1131 21b4bf88cc7cccd6dd167a530e7af306 installed
popt-devel-1.18-1.el8.x86_64 1621392729 29829 0306808d5cc433abd52a6c3c42ae816b installed
perl-srpm-macros-1-25.el8.noarch 1618210239 794 c2292b325080a063ecd6b06b0b158495 installed
pcre2-utf32-10.32-2.el8.x86_64 1618206256 583294 f92de892004acf050289d3be0bddf771 installed
ocaml-srpm-macros-5-4.el8.noarch 1618204900 737 9d0863fc0f850b96ca9da2eec5777bea installed
pcre2-devel-10.32-2.el8.x86_64 1618206256 1922619 90b74a5fc66a934c68c893b408db417d installed
ghc-srpm-macros-1.4.2-7.el8.noarch 1618191330 414 783d436a1a08b72e0f2d1adec76a4519 installed
pcre-utf16-8.42-4.el8.x86_64 1618206397 456931 2cd1fffb138d8420a233ebb809d33ea7 installed
rocky-gpg-keys-8.4-32.el8.noarch 1625954717 3344 d5a1c5c8e75b96f1b78321814a5dcba7 installed
m4-1.4.18-7.el8.x86_64 1618202375 353688 c7c0c294a859c2e2373b6bf375ae3cf6 installed
rocky-repos-8.4-32.el8.noarch 1625954717 13585 2a61caf80dbc305bf7295e6a24bb0727 installed
libsepol-devel-2.9-2.el8.x86_64 1621392314 129692 dc4ebb0a1aba0175e7a8933a370c6014 installed
filesystem-3.8-3.el8.x86_64 1615750173 0 be2eea72775885f5b26bb9f9ebb7dd19 installed
libselinux-utils-2.9-5.el8.x86_64 1621392353 306040 40bc364c2b2bb38f1c38d1edd9a856cb installed
publicsuffix-list-dafsa-20180723-1.el8.noarch 1618788965 64502 457968a0f9361415b35124879cfa4751 installed
libkadm5-1.18.2-8.el8.x86_64 1621392264 224184 bc36150e05f374dbea9ec05272d8d7f4 installed
ncurses-base-6.1-7.20180224.el8.1.noarch 1623680985 290089 56bce5cda30c0556ffe4fac1eadce97f installed
libcom_err-devel-1.45.6-1.el8.1.x86_64 1623682448 17058 0f4b10ae16788d2e0a5224142ddb18e4 installed
libselinux-2.9-5.el8.x86_64 1621392353 169064 8979d09b78f86073c3bccb44bff0ce40 installed
krb5-devel-1.18.2-8.el8.x86_64 1621392264 1123048 4b66c78f5b0abe4ca0205d52808d6ce2 installed
glibc-all-langpacks-2.28-151.el8.x86_64 1621371837 435603584 58487b35ce002d9c6d786d009aa4002a installed
groff-base-1.22.3-18.el8.x86_64 1618982724 4031698 9ab3d8fb3221625aa69af6e3f7d841ef installed
glibc-2.28-151.el8.x86_64 1621371837 15634228 61f05372f78a1aa496a52c7fc8c899b2 installed
perl-Digest-MD5-2.55-396.el8.x86_64 1618207062 56494 59c492e981344be97dd04303b6575b46 installed
libsepol-2.9-2.el8.x86_64 1621392314 765696 cdf620befefc296afc88b2e4df04d86f installed
perl-libnet-3.11-3.el8.noarch 1618210097 277133 b9bccd3de6d994914d1b0c2b0ce60ec2 installed
info-6.5-6.el8.x86_64 1618216094 386391 1d9b5c6c5bda7492bb7f266733c130a7 installed
perl-URI-1.73-3.el8.noarch 1618768011 216452 55dde4c692b3266a9bacb002bcf1e809 installed
bzip2-libs-1.0.6-26.el8.x86_64 1617759875 74909 352647f1607f27e2bb7f4d455be3c2f2 installed
perl-Time-Local-1:1.280-1.el8.noarch 1618209690 59906 ff097284e0d351d41398ae383471bb59 installed
elfutils-libelf-0.182-3.el8_4.x86_64 1628615829 954329 cfa06b8da1e724093f1d04c44512348b installed
perl-Mozilla-CA-20160104-7.module+el8.4.0+529+e3b3e624.noarch 1622730822 5714 74f18d35b56363ebc53da701a85553a2 installed
libcap-2.26-4.el8.x86_64 1618197759 129714 6470129a7c6c6f3ab57228d7d5250745 installed
perl-Term-ANSIColor-4.06-396.el8.noarch 1618209251 89627 3c733a3f291bb6239dafb541c4d4ae77 installed
libxcrypt-4.1.1-4.el8.x86_64 1618201599 185788 92e64a839c73153e5da64882c3de4ba4 installed
perl-File-Temp-0.230.600-1.el8.noarch 1618207739 164723 de1c0b2cd74a1b6b91d4244cf485faa6 installed
mpfr-3.1.6-1.el8.x86_64 1618203798 521257 9106fc663a4df6594ce7183082510695 installed
perl-Pod-Simple-1:3.35-395.el8.noarch 1618208900 543719 cefa90b0a9c8f4653005d3f36e4de9be installed
libuuid-2.32.1-27.el8.x86_64 1621393265 34992 c4f319f332252043e7499109288794ff installed
perl-Pod-Perldoc-3.28-396.el8.noarch 1618208878 169228 07442371cd7a73c934314fbe72a9d7d9 installed
popt-1.18-1.el8.x86_64 1621392729 126618 494d21cfde487bd3276e20d1d0b6c2f3 installed
perl-Pod-Usage-4:1.69-395.el8.noarch 1618208955 49719 ef0c0db41568761b520120b1682a2df7 installed
libgcrypt-1.8.5-4.el8.x86_64 1618198771 1270438 0e33f40f533b95976f59d22225f9a404 installed
perl-Storable-1:3.11-3.el8.x86_64 1618209194 221660 a0f7dd568dfa6f6d622581555e47ccbe installed
libattr-2.4.48-3.el8.x86_64 1618187444 25426 101681478ffe0ba9efa5eb65c638b24c installed
perl-Errno-0:1.28-419.el8_4.1.x86_64 1628615764 9505 ada4e2f079180fcc604a82cee3f16e71 installed
sed-4.5-2.el8.x86_64 1618390478 765126 9c1fb5c5240aa5220cdcce658b0629a0 installed
perl-Encode-4:2.97-3.el8.x86_64 1618207088 10187639 a02f998015a4c58a8851a0e3329dfcb4 installed
libidn2-2.2.0-1.el8.x86_64 1618199036 245498 d908bef043cd2ddf714df4569b3fbfea installed
perl-Exporter-5.72-396.el8.noarch 1618207103 55718 47c3edf5c7c15cb8528cf27d84802aaa installed
expat-2.2.5-4.el8.x86_64 1618190259 311164 264ed803ba17d3d290ec11f638087c18 installed
perl-Scalar-List-Utils-3:1.49-2.el8.x86_64 1618209043 124384 0944b379308c3eebc27b6998af126651 installed
lua-libs-5.3.4-11.el8.x86_64 1618202106 247704 fda4fda43808ecb3b4bbab56c518bf70 installed
perl-macros-4:5.26.3-419.el8_4.1.x86_64 1628615764 5184 11e9cf9cf94266c2b3dbf32b5594bf78 installed
libmpc-1.1.0-9.1.el8.x86_64 1621392274 127085 66b1592610cfe42031c26ba6cc9265ae installed
perl-Unicode-Normalize-1.25-396.el8.x86_64 1618209831 637277 8930f9acb937eda264c5f0a3bbe84143 installed
libgomp-8.4.1-1.el8.x86_64 1621366032 331407 fd47cbb4558893e7ebecb6ea8a7778ba installed
perl-IO-0:1.38-419.el8_4.1.x86_64 1628615764 139727 c52013d3a9ed441a6aa3ae46120f9a7d installed
file-5.33-16.el8_3.1.x86_64 1621220757 93547 d1bd280e80d06bedba1c2f7fee187835 installed
perl-constant-1.33-396.el8.noarch 1618209988 27104 69d6bcc67536c2150263ad5fb0950ec5 installed
audit-libs-3.0-0.17.20191104git1c2f876.el8.1.x86_64 1623680860 287740 0734dd3476847f8c07a47a73f98491fa installed
perl-threads-shared-1.58-2.el8.x86_64 1618210293 77970 018bb36144f23ab11f0e9c14de6d46cb installed
libksba-1.3.5-7.el8.x86_64 1618199243 333871 fce16303f136fc38f1328977cf7a7ed7 installed
perl-version-6:0.99.24-1.el8.x86_64 1618210287 127731 c94758b59db99f200bf48b4b5f4182f7 installed
diffutils-3.6-6.el8.x86_64 1618189359 1371503 bafb4d36e87ff9044cec86b9560ec060 installed
perl-ExtUtils-ParseXS-1:3.35-2.el8.noarch 1618207305 185701 f8b8ea5a300da3cf03aa246e07bb7126 installed
grub2-common-1:2.02-99.el8.noarch 1626607754 5066561 7853811f54c653116c825ef8a10ca3e1 installed
perl-Test-Harness-1:3.42-1.el8.noarch 1618209310 580658 983c883d211b2d3e370ea0e41b2597b3 installed
gdbm-libs-1:1.18-1.el8.x86_64 1618191125 117984 3576d3b279905c5acb4aba80d1545095 installed
perl-Math-BigInt-1:1.9998.11-7.el8.noarch 1618208342 695153 78fb170368fd2b7d4577a451329b1640 installed
libnl3-3.5.0-1.el8.x86_64 1618199965 996216 c1c84ce35df21efc508f3f1f986ed794 installed
perl-CPAN-Meta-YAML-0.018-397.el8.noarch 1618206490 51719 4f5de9c6430c923935af6b2edac814a9 installed
p11-kit-trust-0.23.22-1.el8.x86_64 1622589770 471241 9dc74f55efd508352a77926b1be5d6e7 installed
perl-Encode-Locale-1.05-10.module+el8.4.0+529+e3b3e624.noarch 1622730854 19785 e7f633612cd6bda6a834d701a80abb14 installed
grep-3.1-6.el8.x86_64 1618193060 813405 4aa4f0cb28bde33c760a9912ea41ded5 installed
perl-ExtUtils-Manifest-1.70-395.el8.noarch 1618207403 86252 5d3093c86cd946960aa07bab1f156a49 installed
gdbm-1:1.18-1.el8.x86_64 1618191125 390009 b4ff05220c6099b5787b821e132bab8e installed
perl-ExtUtils-Install-2.14-4.el8.noarch 1618207270 87726 e75eb6f9658b3ac4cbbf1b4eb4bdbe09 installed
libsemanage-2.9-6.el8.x86_64 1621392353 308088 60dcf6a59b8558a965b879cc18856cc6 installed
perl-Thread-Queue-3.13-1.el8.noarch 1618209739 29787 9776764f2d4adb3096ae845cd7185802 installed
libmetalink-0.1.3-7.el8.x86_64 1615760646 72120 ca88ef5f19938224e7de04d03fb54fa2 installed
perl-Fedora-VSP-0.001-9.el8.noarch 1618207380 40886 39cf5e24a5f00256b18e713593710f3e installed
acl-2.2.53-1.el8.1.x86_64 1623680853 198484 ba51081a87ab1f695f6508fe4e53f52d installed
autoconf-2.69-27.el8.noarch 1613775619 2323015 98842e78d0b622681166432449f5faf6 installed
patch-2.7.6-11.el8.x86_64 1618206047 266969 2f02d29800eebb68ad74464621998881 installed
elfutils-debuginfod-client-devel-0.182-3.el8_4.x86_64 1628615829 8519 0e4eb034c38762079e137aced4471cbf installed
zstd-1.4.4-1.el8.x86_64 1618218751 1534466 47f11f8d3b2f9a92f453615ab7c19bdd installed
cyrus-sasl-2.1.27-5.el8.x86_64 1618189067 153430 12b7e1c4675b0523177ea886439d0c01 installed
nettle-3.4.1-4.el8_4.x86_64 1623370483 576321 4cfde0ab3e5fc0fc89d54a5ac9ef59a4 installed
checkpolicy-2.9-1.el8.x86_64 1618188125 1396120 e30caa8afa4be0674618da3dbc1cab0a installed
bzip2-1.0.6-26.el8.x86_64 1617759875 92236 7b03bf80d5774bd5c29a77b697aee870 installed
openldap-devel-2.4.46-17.el8_4.x86_64 1624988050 3848108 ac86e94e9e39c4f8850ed89fa18c5adb installed
pigz-2.4-4.el8.x86_64 1615841893 140639 ea755c4d1277bd4c7f1e8f96a2e08508 installed
libtool-2.4.6-25.el8.x86_64 1618203790 2687511 6588899a24a6b295d4b8c9867f83e878 installed
hardlink-1:1.3-6.el8.x86_64 1618193589 36142 10b40f74cda6314026ed353b77e33119 installed
doxygen-1:1.8.14-12.el8.x86_64 1618189941 13803995 46704552763353c3f93956a429985a4e installed
libnghttp2-1.33.0-3.el8_3.1.x86_64 1620119356 168036 0d28194e246077cab1b2284d3464fa8a installed
pcre-devel-8.42-4.el8.x86_64 1618206397 1737810 8f505e1e24096f701094cb4fccb7ffd4 installed
pkgconf-1.4.2-1.el8.x86_64 1618788815 66015 7bb54196f487b9ce918407d3c4c1739b installed
python3-dateutil-1:2.6.1-6.el8.noarch 1618211131 596677 6effcb4a340afd585e4ba8c7ea434f3b installed
libseccomp-2.5.1-1.el8.x86_64 1621392490 173212 ea4c79c17a2d1f5d2ec5ed4cea5ff53a installed
nss-devel-3.53.1-17.el8_3.x86_64 1621239263 1297186 58910796ba95738ea9b89670e74b5d93 installed
gawk-4.2.1-2.el8.x86_64 1621391713 2699078 c58ac7d9fdfbfac8c872dd19c5a4c855 installed
libtevent-devel-0.10.2-2.el8.x86_64 1618787835 106359 59f194036f9e4d6a6fc534e40fadb93f installed
libtool-ltdl-2.4.6-25.el8.x86_64 1618203790 68274 7023dff112cff1f1c4df763b24da4084 installed
libicu-devel-60.3-2.el8_1.x86_64 1620021879 5394260 0f38de8c891299fb08a2656a1c7398e0 installed
memstrack-0.1.11-1.el8.x86_64 1618202685 118875 fee263738700f351981c782f1303c2dc installed
cracklib-devel-2.9.6-15.el8.x86_64 1618188826 4471 e2f47c47a6d22a39b14a69d2db0d1968 installed
npth-1.5-4.el8.x86_64 1618204825 47317 e55b1ce55d5136e1f3d995d96f5daf99 installed
libdb-devel-5.3.28-40.el8.x86_64 1621392636 129088 f267d586e16de4f726efaed6ed91b17e installed
which-2.21-12.el8.x86_64 1618217686 83205 191d5d6a4fbe26076fb3f695f9be8cdd installed
rsync-3.1.3-12.el8.x86_64 1621392959 838984 564bf691fad978598274114c0e05e80f installed
gc-7.6.4-3.el8.x86_64 1618191114 215064 1475bfa8f04def178151491d774f6fce installed
bzip2-devel-1.0.6-26.el8.x86_64 1617759875 391358 54f0fa40d0cc3c582eb3f429916d917c installed
libxkbcommon-0.9.1-1.el8.x86_64 1618201574 274974 fba5a8a313aac3511212eecbf452f657 installed
kernel-headers-4.18.0-305.12.1.el8_4.x86_64 1628618857 5208120 60ca01556bc44ed8e393d0e9c32e05b9 installed
libxcrypt-devel-4.1.1-4.el8.x86_64 1618201599 24771 232e43d17a7e24b4bf1ef68a54e43e46 installed
kbd-misc-2.0.4-10.el8.noarch 1615762440 2549569 6b68829ac77e64e54e4d58b759723fff installed
hwdata-0.314-8.8.el8.noarch 1621391844 8324320 7b974d726b4912a9189af55b568b7f2a installed
pciutils-3.7.0-1.el8.x86_64 1621392657 216038 a89e8e7176007c023959a379e7b438bb installed
platform-python-pip-9.0.3-19.el8.rocky.noarch 1622882622 7477339 bf7a8a825240562c6c7db8e48c5e3ceb installed
python3-libs-3.6.8-37.el8.rocky.x86_64 1621395573 32362311 2edf068c50e87b5d51b276751ff2da6a installed
rdma-core-32.0-4.el8.x86_64 1621392849 106206 afd1c2575c302c5b99c0de3484912edd installed
libpcap-14:1.9.1-5.el8.x86_64 1621392338 385058 07aa1af0fb4ad7e1b114f364b990eae2 installed
libssh-0.9.4-2.el8.x86_64 1618200813 517057 296f2a9bf868df685bf9daf5aa6bd5db installed
platform-python-3.6.8-37.el8.rocky.x86_64 1621395573 41222 d698bd59958171d9bac84cbcf3beaee5 installed
libkcapi-1.2.0-2.el8.x86_64 1618788613 84683 b4b30f5f9d054aac31b221de39ade8fa installed
libarchive-3.3.3-1.el8.x86_64 1621392468 838511 cc6d2ca9f3efc3bf8e107bf8e72e646c installed
curl-7.61.1-18.el8.x86_64 1621392747 709429 78ffa2676f1c6e7c8c7e82d092958dfe installed
openssl-1:1.1.1g-15.el8_3.x86_64 1621221109 1183992 39fb04dea46ae0651f6f4238375e5d7e installed
crypto-policies-20210209-1.gitbfb6bed.el8_3.noarch 1621220613 73054 b0490f517bab493713e9c02612627851 installed
gzip-1.9-12.el8.x86_64 1621391952 353163 36410644140f40522a816f3a6181767d installed
cracklib-dicts-2.9.6-15.el8.x86_64 1618188826 9815016 fef053e32c5e3114515110a58481b7a5 installed
krb5-libs-1.18.2-8.el8.x86_64 1621392264 2233875 767c861df551d3c4d91945e0f98cb0e3 installed
libnsl2-1.2.0-2.20180605git4a062cf.el8.x86_64 1618199884 126778 cd8a06d09cf28cedf17959c8dd833b63 installed
device-mapper-8:1.02.175-5.el8.x86_64 1621392454 356835 3805f99e23aa5542f682f3f217492c78 installed
elfutils-libs-0.182-3.el8_4.x86_64 1628615829 713095 7f357911d40aaefde85a9c209ba8cc5a installed
rpm-4.14.3-14.el8_4.x86_64 1624988013 2086689 50ec59e1adb6c44d280bfea0a82724ef installed
libcroco-0.6.12-4.el8_2.1.x86_64 1620025223 330819 7cce2c43e033a2cb5ad7ea88969244cf installed
libmount-2.32.1-27.el8.x86_64 1621393265 398378 c3287fd316f8899beb72106e12e0dd34 installed
dbus-tools-1:1.12.8-12.el8_4.2.x86_64 1623370462 125089 fcc2f0e2535339c2a17a0d3b7d25749c installed
systemd-libs-239-45.el8_4.3.x86_64 1628615762 4540630 1d5d6db3c583a0f211a62806b41cdf53 installed
device-mapper-libs-8:1.02.175-5.el8.x86_64 1621392454 415639 eff70586182b034d2de68f2cefdf5f50 installed
ca-certificates-2020.2.41-80.0.el8_2.noarch 1620025170 949009 24f98d97329a12eb3596ad04dd4d6314 installed
libdb-5.3.28-40.el8.x86_64 1621392636 1903352 5cf0bcacd2ecc260c69a4cd5c2180cb7 installed
kmod-libs-25-17.el8.x86_64 1621392051 126632 20310747acdeca0428ac81be3521221b installed
cryptsetup-libs-2.3.3-4.el8.x86_64 1621391388 2075199 19de6032ee860508d309155cb872c3ff installed
dbus-daemon-1:1.12.8-12.el8_4.2.x86_64 1623370462 559480 4a82d46dcf8465a275e3945a74e461e0 installed
kbd-2.0.4-10.el8.x86_64 1615762440 1626029 23ae5dad0e42587bbb288acc1bf59d60 installed
pam-1.3.1-14.el8.x86_64 1622589890 2625395 0d10c4d083fa802cb67704f8fcd1a759 installed
systemd-pam-239-45.el8_4.3.x86_64 1628615762 915160 8aa67f2ffffba1d46625dfc5066ad596 installed
os-prober-1.74-6.el8.x86_64 1618205598 107205 478ada6bee0e32833d438e50d37afae1 installed
grub2-tools-1:2.02-99.el8.x86_64 1626607789 9264254 47bf17b701436be870b86493bf6a9aac installed
shared-mime-info-1.9-3.el8.x86_64 1618214697 2445947 034236bac7e6463554740e85afd5fcdc installed
dbus-1:1.12.8-12.el8_4.2.x86_64 1623370462 0 663783c7290b84d85415ed79671a9492 installed
systemd-udev-239-45.el8_4.3.x86_64 1628615762 8010017 db4f22bf235ca86ca69b2eef352b6aa1 installed
binutils-2.30-93.el8.x86_64 1621442146 24929021 2688682fd2fbaf4258691eaef7491eff installed
annobin-9.50-1.el8.x86_64 1621391093 136568 6b1fd8b0bd213b424b86c21880416656 installed
libsecret-0.18.6-1.el8.x86_64 1618200598 511561 0ba095424ba9b3287adf6d296a43f816 installed
tpm2-tss-2.3.2-3.el8.x86_64 1621393239 1208638 81b4c28923bbc0b246487f9ee958a71d installed
libusbx-1.0.23-4.el8.x86_64 1618201156 154147 d6393e6e9aa7422fc04ea988c6ee5d38 installed
gnupg2-2.2.20-2.el8.x86_64 1618786781 9921931 273a24eaa5c4419364fc75103477c1d8 installed
guile-5:2.0.14-7.el8.x86_64 1618194991 12095486 e8f45e61548faadc028a813e392b313e installed
efi-srpm-macros-3-3.el8.noarch 1621391424 39222 c726afd628d5552c0d423c846d18c791 installed
elfutils-0.182-3.el8_4.x86_64 1628615829 2780752 0be388dbc5b407f39bb1e73cb6248234 installed
gcc-c++-8.4.1-1.el8.x86_64 1621366032 32184236 2790f2512a32d8ed01aa2279e318a91c installed
nspr-4.25.0-2.el8_2.x86_64 1620025295 317350 b8afd1feb7b2dcafcb9f4303614a1e41 installed
nspr-devel-4.25.0-2.el8_2.x86_64 1620025295 457821 26080e832f36655ca6e88fff32127841 installed
python3-libselinux-2.9-5.el8.x86_64 1621392353 790078 0563157c907b68d98c7209c4d0f6e684 installed
nss-util-devel-3.53.1-17.el8_3.x86_64 1621239263 311721 cb9870053e7fce911b5e913e9eadb663 installed
nss-softokn-3.53.1-17.el8_3.x86_64 1621239263 1930526 dff2a94b12b345fe2f11468f2537b517 installed
nss-sysinit-3.53.1-17.el8_3.x86_64 1621239263 14408 5eb95640614799230876fe0c0dbe02b7 installed
net-snmp-libs-1:5.8-20.el8.x86_64 1622589902 3266516 f9c78aa7acb8599eec95e1de0378c934 installed
libzstd-devel-1.4.4-1.el8.x86_64 1618218751 152846 05ca462f74b6509c1d017a972806ce4b installed
libicu-60.3-2.el8_1.x86_64 1620021879 32147235 7ce039819232a21ea4231cecf3b11565 installed
libtevent-0.10.2-2.el8.x86_64 1618787835 87592 db148e75d53c4ec22c71329386cd6123 installed
python3-pyasn1-modules-0.3.7-6.el8.noarch 1618212065 617983 065ac21dd969ea7b250de5db5d093fb0 installed
nss-softokn-devel-3.53.1-17.el8_3.x86_64 1621239263 10989 81ddba2b0dc47db226536cdc18e3e1e9 installed
python3-setools-4.3.0-2.el8.x86_64 1618214579 2706241 5e01c5c48d8c515d60eae0b6c65a4e44 installed
python3-rpm-generators-5-6.el8.noarch 1618212232 56585 a9e9c934b87fdc10af2754fa0d97753d installed
mariadb-connector-c-config-3.1.11-2.el8_3.noarch 1621220832 497 72daee127b1f88772e56ae064fb86e7d installed
