CPU info:
Architecture:        x86_64
CPU op-mode(s):      32-bit, 64-bit
Byte Order:          Little Endian
CPU(s):              1
On-line CPU(s) list: 0
Thread(s) per core:  1
Core(s) per socket:  1
Socket(s):           1
NUMA node(s):        1
Vendor ID:           GenuineIntel
CPU family:          6
Model:               42
Model name:          Intel Xeon E312xx (Sandy Bridge, IBRS update)
Stepping:            1
CPU MHz:             2394.230
BogoMIPS:            4788.46
Hypervisor vendor:   KVM
Virtualization type: full
L1d cache:           32K
L1i cache:           32K
L2 cache:            4096K
L3 cache:            16384K
NUMA node0 CPU(s):   0
Flags:               fpu vme de pse tsc msr pae mce cx8 apic sep mtrr pge mca cmov pat pse36 clflush mmx fxsr sse sse2 syscall nx pdpe1gb rdtscp lm constant_tsc rep_good nopl xtopology cpuid tsc_known_freq pni pclmulqdq ssse3 cx16 pdcm pcid sse4_1 sse4_2 x2apic popcnt tsc_deadline_timer aes xsave avx hypervisor lahf_lm cpuid_fault pti ssbd ibrs ibpb stibp tsc_adjust xsaveopt arat umip md_clear arch_capabilities


Memory:
              total        used        free      shared  buff/cache   available
Mem:        1860848      379940     1009772        6172      471136     1300552
Swap:       4194300       23292     4171008


Storage:
Filesystem               Size  Used Avail Use% Mounted on
/dev/mapper/rockyvg-var  4.3G  1.3G  3.0G  31% /var
